Temp/gradleOut/launcher/build/outputs/logs/manifest-merger-release-report.txt
-- Merging decision tree log ---
manifest
ADDED from src\main\AndroidManifest.xml:3:1-6:12
INJECTED from src\main\AndroidManifest.xml:3:1-6:12
INJECTED from src\main\AndroidManifest.xml:3:1-6:12
INJECTED from src\main\AndroidManifest.xml:3:1-6:12
MERGED from [:unityLibrary] AndroidManifest.xml:3:1-61:12
MERGED from [:androidx.annotation.annotation-experimental-1.1.0:] AndroidManifest.xml:17:1-24:12
MERGED from [:androidx.arch.core.core-runtime-2.1.0:] AndroidManifest.xml:17:1-24:12
MERGED from [:androidx.asynclayoutinflater.asynclayoutinflater-1.0.0:] AndroidManifest.xml:17:1-22:12
MERGED from [:androidx.browser.browser-1.0.0:] AndroidManifest.xml:17:1-22:12
MERGED from [:androidx.coordinatorlayout.coordinatorlayout-1.0.0:] AndroidManifest.xml:17:1-22:12
MERGED from [:androidx.core.core-1.6.0:] AndroidManifest.xml:17:1-26:12
MERGED from [:androidx.cursoradapter.cursoradapter-1.0.0:] AndroidManifest.xml:17:1-22:12
MERGED from [:androidx.customview.customview-1.0.0:] AndroidManifest.xml:17:1-22:12
MERGED from [:androidx.documentfile.documentfile-1.0.0:] AndroidManifest.xml:17:1-22:12
MERGED from [:androidx.drawerlayout.drawerlayout-1.0.0:] AndroidManifest.xml:17:1-22:12
MERGED from [:androidx.fragment.fragment-1.0.0:] AndroidManifest.xml:17:1-22:12
MERGED from [:androidx.interpolator.interpolator-1.0.0:] AndroidManifest.xml:17:1-22:12
MERGED from [:androidx.legacy.legacy-support-core-ui-1.0.0:] AndroidManifest.xml:17:1-22:12
MERGED from [:androidx.legacy.legacy-support-core-utils-1.0.0:] AndroidManifest.xml:17:1-22:12
MERGED from [:androidx.lifecycle.lifecycle-livedata-2.1.0:] AndroidManifest.xml:17:1-22:12
MERGED from [:androidx.lifecycle.lifecycle-livedata-core-2.1.0:] AndroidManifest.xml:17:1-22:12
MERGED from [:androidx.lifecycle.lifecycle-process-2.4.1:] AndroidManifest.xml:17:1-24:12
MERGED from [:androidx.lifecycle.lifecycle-runtime-2.4.1:] AndroidManifest.xml:17:1-24:12
MERGED from [:androidx.lifecycle.lifecycle-service-2.1.0:] AndroidManifest.xml:17:1-22:12
MERGED from [:androidx.lifecycle.lifecycle-viewmodel-2.0.0:] AndroidManifest.xml:17:1-22:12
MERGED from [:androidx.loader.loader-1.0.0:] AndroidManifest.xml:17:1-22:12
MERGED from [:androidx.localbroadcastmanager.localbroadcastmanager-1.0.0:] AndroidManifest.xml:17:1-22:12
MERGED from [:androidx.print.print-1.0.0:] AndroidManifest.xml:17:1-22:12
MERGED from [:androidx.room.room-runtime-2.2.5:] AndroidManifest.xml:17:1-31:12
MERGED from [:androidx.slidingpanelayout.slidingpanelayout-1.0.0:] AndroidManifest.xml:17:1-22:12
MERGED from [:androidx.sqlite.sqlite-2.1.0:] AndroidManifest.xml:17:1-24:12
MERGED from [:androidx.sqlite.sqlite-framework-2.1.0:] AndroidManifest.xml:17:1-24:12
MERGED from [:androidx.startup.startup-runtime-1.1.1:] AndroidManifest.xml:17:1-22:12
MERGED from [:androidx.swiperefreshlayout.swiperefreshlayout-1.0.0:] AndroidManifest.xml:17:1-22:12
MERGED from [:androidx.tracing.tracing-1.0.0:] AndroidManifest.xml:17:1-24:12
MERGED from [:androidx.versionedparcelable.versionedparcelable-1.1.1:] AndroidManifest.xml:17:1-27:12
MERGED from [:androidx.viewpager.viewpager-1.0.0:] AndroidManifest.xml:17:1-22:12
MERGED from [:androidx.work.work-runtime-2.7.0:] AndroidManifest.xml:17:1-72:12
MERGED from [:com.google.android.gms.play-services-ads-21.0.0:] AndroidManifest.xml:17:1-25:12
MERGED from [:com.google.android.gms.play-services-ads-base-21.0.0:] AndroidManifest.xml:2:1-9:12
MERGED from [:com.google.android.gms.play-services-ads-identifier-18.0.0:] AndroidManifest.xml:17:1-27:12
MERGED from [:com.google.android.gms.play-services-ads-lite-21.0.0:] AndroidManifest.xml:17:1-44:12
MERGED from [:com.google.android.gms.play-services-appset-16.0.1:] AndroidManifest.xml:2:1-9:12
MERGED from [:com.google.android.gms.play-services-base-18.0.1:] AndroidManifest.xml:16:1-24:12
MERGED from [:com.google.android.gms.play-services-basement-18.0.0:] AndroidManifest.xml:16:1-26:12
MERGED from [:com.google.android.gms.play-services-drive-17.0.0:] AndroidManifest.xml:17:1-24:12
MERGED from [:com.google.android.gms.play-services-games-v2-17.0.0:] AndroidManifest.xml:2:1-9:12
MERGED from [:com.google.android.gms.play-services-measurement-base-20.1.2:] AndroidManifest.xml:2:1-9:12
MERGED from [:com.google.android.gms.play-services-measurement-sdk-api-20.1.2:] AndroidManifest.xml:17:1-28:12
MERGED from [:com.google.android.gms.play-services-nearby-18.0.2:] AndroidManifest.xml:2:1-17:12
MERGED from [:com.google.android.gms.play-services-tasks-18.0.1:] AndroidManifest.xml:2:1-6:12
MERGED from [:com.google.android.ump.user-messaging-platform-2.0.0:] AndroidManifest.xml:2:1-7:12
MERGED from [:com.google.games.gpgs-plugin-support-0.11.01:] AndroidManifest.xml:2:1-21:12
MERGED from [:googlemobileads-unity:] AndroidManifest.xml:7:1-14:12
MERGED from [:native_plugin-debug:] AndroidManifest.xml:2:1-9:12
MERGED from [:unityLibrary:GoogleMobileAdsPlugin.androidlib] AndroidManifest.xml:2:1-25:12
MERGED from [:unityLibrary:GooglePlayGamesManifest.androidlib] AndroidManifest.xml:6:1-30:12
INJECTED from src\main\AndroidManifest.xml:3:1-6:12
INJECTED from src\main\AndroidManifest.xml:3:1-6:12
INJECTED from src\main\AndroidManifest.xml:3:1-6:12
	package
		ADDED from src\main\AndroidManifest.xml:3:70-102
		INJECTED from src\main\AndroidManifest.xml
		INJECTED from src\main\AndroidManifest.xml
	android:versionName
		INJECTED from src\main\AndroidManifest.xml
		ADDED from src\main\AndroidManifest.xml:3:1-6:12
		INJECTED from src\main\AndroidManifest.xml
	xmlns:tools
		ADDED from src\main\AndroidManifest.xml:3:103-149
	android:versionCode
		INJECTED from src\main\AndroidManifest.xml
		ADDED from src\main\AndroidManifest.xml:3:1-6:12
		INJECTED from src\main\AndroidManifest.xml
	xmlns:android
		ADDED from src\main\AndroidManifest.xml:3:11-69
	android:installLocation
		ADDED from src\main\AndroidManifest.xml:3:150-190
supports-screens
ADDED from src\main\AndroidManifest.xml:4:3-163
	android:largeScreens
		ADDED from src\main\AndroidManifest.xml:4:78-105
	android:smallScreens
		ADDED from src\main\AndroidManifest.xml:4:21-48
	android:normalScreens
		ADDED from src\main\AndroidManifest.xml:4:49-77
	android:xlargeScreens
		ADDED from src\main\AndroidManifest.xml:4:106-134
	android:anyDensity
		ADDED from src\main\AndroidManifest.xml:4:135-160
application
ADDED from src\main\AndroidManifest.xml:5:3-121
MERGED from [:unityLibrary] AndroidManifest.xml:29:5-59:19
MERGED from [:unityLibrary] AndroidManifest.xml:29:5-59:19
MERGED from [:androidx.core.core-1.6.0:] AndroidManifest.xml:24:5-89
MERGED from [:androidx.core.core-1.6.0:] AndroidManifest.xml:24:5-89
MERGED from [:androidx.lifecycle.lifecycle-process-2.4.1:] AndroidManifest.xml:19:3-23:17
MERGED from [:androidx.lifecycle.lifecycle-process-2.4.1:] AndroidManifest.xml:19:3-23:17
MERGED from [:androidx.room.room-runtime-2.2.5:] AndroidManifest.xml:24:5-29:19
MERGED from [:androidx.room.room-runtime-2.2.5:] AndroidManifest.xml:24:5-29:19
MERGED from [:androidx.startup.startup-runtime-1.1.1:] AndroidManifest.xml:19:3-21:17
MERGED from [:androidx.startup.startup-runtime-1.1.1:] AndroidManifest.xml:19:3-21:17
MERGED from [:androidx.versionedparcelable.versionedparcelable-1.1.1:] AndroidManifest.xml:24:5-25:19
MERGED from [:androidx.versionedparcelable.versionedparcelable-1.1.1:] AndroidManifest.xml:24:5-25:19
MERGED from [:androidx.work.work-runtime-2.7.0:] AndroidManifest.xml:23:3-71:17
MERGED from [:androidx.work.work-runtime-2.7.0:] AndroidManifest.xml:23:3-71:17
MERGED from [:com.google.android.gms.play-services-ads-base-21.0.0:] AndroidManifest.xml:7:5-20
MERGED from [:com.google.android.gms.play-services-ads-base-21.0.0:] AndroidManifest.xml:7:5-20
MERGED from [:com.google.android.gms.play-services-ads-identifier-18.0.0:] AndroidManifest.xml:25:5-20
MERGED from [:com.google.android.gms.play-services-ads-identifier-18.0.0:] AndroidManifest.xml:25:5-20
MERGED from [:com.google.android.gms.play-services-ads-lite-21.0.0:] AndroidManifest.xml:38:3-43:17
MERGED from [:com.google.android.gms.play-services-ads-lite-21.0.0:] AndroidManifest.xml:38:3-43:17
MERGED from [:com.google.android.gms.play-services-appset-16.0.1:] AndroidManifest.xml:7:5-20
MERGED from [:com.google.android.gms.play-services-appset-16.0.1:] AndroidManifest.xml:7:5-20
MERGED from [:com.google.android.gms.play-services-base-18.0.1:] AndroidManifest.xml:19:5-23:19
MERGED from [:com.google.android.gms.play-services-base-18.0.1:] AndroidManifest.xml:19:5-23:19
MERGED from [:com.google.android.gms.play-services-basement-18.0.0:] AndroidManifest.xml:20:5-24:19
MERGED from [:com.google.android.gms.play-services-basement-18.0.0:] AndroidManifest.xml:20:5-24:19
MERGED from [:com.google.android.gms.play-services-drive-17.0.0:] AndroidManifest.xml:22:5-20
MERGED from [:com.google.android.gms.play-services-drive-17.0.0:] AndroidManifest.xml:22:5-20
MERGED from [:com.google.android.gms.play-services-games-v2-17.0.0:] AndroidManifest.xml:4:3-8:17
MERGED from [:com.google.android.gms.play-services-games-v2-17.0.0:] AndroidManifest.xml:4:3-8:17
MERGED from [:com.google.android.gms.play-services-measurement-base-20.1.2:] AndroidManifest.xml:7:5-20
MERGED from [:com.google.android.gms.play-services-measurement-base-20.1.2:] AndroidManifest.xml:7:5-20
MERGED from [:com.google.android.gms.play-services-nearby-18.0.2:] AndroidManifest.xml:9:5-15:19
MERGED from [:com.google.android.gms.play-services-nearby-18.0.2:] AndroidManifest.xml:9:5-15:19
MERGED from [:com.google.android.gms.play-services-tasks-18.0.1:] AndroidManifest.xml:5:5-20
MERGED from [:com.google.android.gms.play-services-tasks-18.0.1:] AndroidManifest.xml:5:5-20
MERGED from [:com.google.games.gpgs-plugin-support-0.11.01:] AndroidManifest.xml:9:5-19:19
MERGED from [:com.google.games.gpgs-plugin-support-0.11.01:] AndroidManifest.xml:9:5-19:19
MERGED from [:unityLibrary:GoogleMobileAdsPlugin.androidlib] AndroidManifest.xml:9:5-23:19
MERGED from [:unityLibrary:GoogleMobileAdsPlugin.androidlib] AndroidManifest.xml:9:5-23:19
MERGED from [:unityLibrary:GooglePlayGamesManifest.androidlib] AndroidManifest.xml:13:5-28:19
MERGED from [:unityLibrary:GooglePlayGamesManifest.androidlib] AndroidManifest.xml:13:5-28:19
	android:appComponentFactory
		ADDED from [:androidx.core.core-1.6.0:] AndroidManifest.xml:24:18-86
	android:label
		ADDED from src\main\AndroidManifest.xml:5:16-48
	android:icon
		ADDED from src\main\AndroidManifest.xml:5:49-80
	android:banner
		ADDED from src\main\AndroidManifest.xml:5:81-118
	android:isGame
		ADDED from [:unityLibrary] AndroidManifest.xml:29:18-39
uses-sdk
INJECTED from src\main\AndroidManifest.xml reason: use-sdk injection requested
INJECTED from src\main\AndroidManifest.xml
INJECTED from src\main\AndroidManifest.xml
MERGED from [:unityLibrary] AndroidManifest.xml:9:5-11:41
MERGED from [:unityLibrary] AndroidManifest.xml:9:5-11:41
MERGED from [:androidx.annotation.annotation-experimental-1.1.0:] AndroidManifest.xml:20:5-22:41
MERGED from [:androidx.annotation.annotation-experimental-1.1.0:] AndroidManifest.xml:20:5-22:41
MERGED from [:androidx.arch.core.core-runtime-2.1.0:] AndroidManifest.xml:20:5-22:41
MERGED from [:androidx.arch.core.core-runtime-2.1.0:] AndroidManifest.xml:20:5-22:41
MERGED from [:androidx.asynclayoutinflater.asynclayoutinflater-1.0.0:] AndroidManifest.xml:20:5-44
MERGED from [:androidx.asynclayoutinflater.asynclayoutinflater-1.0.0:] AndroidManifest.xml:20:5-44
MERGED from [:androidx.browser.browser-1.0.0:] AndroidManifest.xml:20:5-44
MERGED from [:androidx.browser.browser-1.0.0:] AndroidManifest.xml:20:5-44
MERGED from [:androidx.coordinatorlayout.coordinatorlayout-1.0.0:] AndroidManifest.xml:20:5-44
MERGED from [:androidx.coordinatorlayout.coordinatorlayout-1.0.0:] AndroidManifest.xml:20:5-44
MERGED from [:androidx.core.core-1.6.0:] AndroidManifest.xml:20:5-22:41
MERGED from [:androidx.core.core-1.6.0:] AndroidManifest.xml:20:5-22:41
MERGED from [:androidx.cursoradapter.cursoradapter-1.0.0:] AndroidManifest.xml:20:5-44
MERGED from [:androidx.cursoradapter.cursoradapter-1.0.0:] AndroidManifest.xml:20:5-44
MERGED from [:androidx.customview.customview-1.0.0:] AndroidManifest.xml:20:5-44
MERGED from [:androidx.customview.customview-1.0.0:] AndroidManifest.xml:20:5-44
MERGED from [:androidx.documentfile.documentfile-1.0.0:] AndroidManifest.xml:20:5-44
MERGED from [:androidx.documentfile.documentfile-1.0.0:] AndroidManifest.xml:20:5-44
MERGED from [:androidx.drawerlayout.drawerlayout-1.0.0:] AndroidManifest.xml:20:5-44
MERGED from [:androidx.drawerlayout.drawerlayout-1.0.0:] AndroidManifest.xml:20:5-44
MERGED from [:androidx.fragment.fragment-1.0.0:] AndroidManifest.xml:20:5-44
MERGED from [:androidx.fragment.fragment-1.0.0:] AndroidManifest.xml:20:5-44
MERGED from [:androidx.interpolator.interpolator-1.0.0:] AndroidManifest.xml:20:5-44
MERGED from [:androidx.interpolator.interpolator-1.0.0:] AndroidManifest.xml:20:5-44
MERGED from [:androidx.legacy.legacy-support-core-ui-1.0.0:] AndroidManifest.xml:20:5-44
MERGED from [:androidx.legacy.legacy-support-core-ui-1.0.0:] AndroidManifest.xml:20:5-44
MERGED from [:androidx.legacy.legacy-support-core-utils-1.0.0:] AndroidManifest.xml:20:5-44
MERGED from [:androidx.legacy.legacy-support-core-utils-1.0.0:] AndroidManifest.xml:20:5-44
MERGED from [:androidx.lifecycle.lifecycle-livedata-2.1.0:] AndroidManifest.xml:20:5-44
MERGED from [:androidx.lifecycle.lifecycle-livedata-2.1.0:] AndroidManifest.xml:20:5-44
MERGED from [:androidx.lifecycle.lifecycle-livedata-core-2.1.0:] AndroidManifest.xml:20:5-44
MERGED from [:androidx.lifecycle.lifecycle-livedata-core-2.1.0:] AndroidManifest.xml:20:5-44
MERGED from [:androidx.lifecycle.lifecycle-process-2.4.1:] AndroidManifest.xml:18:3-72
MERGED from [:androidx.lifecycle.lifecycle-process-2.4.1:] AndroidManifest.xml:18:3-72
MERGED from [:androidx.lifecycle.lifecycle-runtime-2.4.1:] AndroidManifest.xml:20:5-22:41
MERGED from [:androidx.lifecycle.lifecycle-runtime-2.4.1:] AndroidManifest.xml:20:5-22:41
MERGED from [:androidx.lifecycle.lifecycle-service-2.1.0:] AndroidManifest.xml:20:5-44
MERGED from [:androidx.lifecycle.lifecycle-service-2.1.0:] AndroidManifest.xml:20:5-44
MERGED from [:androidx.lifecycle.lifecycle-viewmodel-2.0.0:] AndroidManifest.xml:20:5-44
MERGED from [:androidx.lifecycle.lifecycle-viewmodel-2.0.0:] AndroidManifest.xml:20:5-44
MERGED from [:androidx.loader.loader-1.0.0:] AndroidManifest.xml:20:5-44
MERGED from [:androidx.loader.loader-1.0.0:] AndroidManifest.xml:20:5-44
MERGED from [:androidx.localbroadcastmanager.localbroadcastmanager-1.0.0:] AndroidManifest.xml:20:5-44
MERGED from [:androidx.localbroadcastmanager.localbroadcastmanager-1.0.0:] AndroidManifest.xml:20:5-44
MERGED from [:androidx.print.print-1.0.0:] AndroidManifest.xml:20:5-44
MERGED from [:androidx.print.print-1.0.0:] AndroidManifest.xml:20:5-44
MERGED from [:androidx.room.room-runtime-2.2.5:] AndroidManifest.xml:20:5-22:41
MERGED from [:androidx.room.room-runtime-2.2.5:] AndroidManifest.xml:20:5-22:41
MERGED from [:androidx.slidingpanelayout.slidingpanelayout-1.0.0:] AndroidManifest.xml:20:5-44
MERGED from [:androidx.slidingpanelayout.slidingpanelayout-1.0.0:] AndroidManifest.xml:20:5-44
MERGED from [:androidx.sqlite.sqlite-2.1.0:] AndroidManifest.xml:20:5-22:41
MERGED from [:androidx.sqlite.sqlite-2.1.0:] AndroidManifest.xml:20:5-22:41
MERGED from [:androidx.sqlite.sqlite-framework-2.1.0:] AndroidManifest.xml:20:5-22:41
MERGED from [:androidx.sqlite.sqlite-framework-2.1.0:] AndroidManifest.xml:20:5-22:41
MERGED from [:androidx.startup.startup-runtime-1.1.1:] AndroidManifest.xml:18:3-72
MERGED from [:androidx.startup.startup-runtime-1.1.1:] AndroidManifest.xml:18:3-72
MERGED from [:androidx.swiperefreshlayout.swiperefreshlayout-1.0.0:] AndroidManifest.xml:20:5-44
MERGED from [:androidx.swiperefreshlayout.swiperefreshlayout-1.0.0:] AndroidManifest.xml:20:5-44
MERGED from [:androidx.tracing.tracing-1.0.0:] AndroidManifest.xml:20:5-22:41
MERGED from [:androidx.tracing.tracing-1.0.0:] AndroidManifest.xml:20:5-22:41
MERGED from [:androidx.versionedparcelable.versionedparcelable-1.1.1:] AndroidManifest.xml:20:5-22:41
MERGED from [:androidx.versionedparcelable.versionedparcelable-1.1.1:] AndroidManifest.xml:20:5-22:41
MERGED from [:androidx.viewpager.viewpager-1.0.0:] AndroidManifest.xml:20:5-44
MERGED from [:androidx.viewpager.viewpager-1.0.0:] AndroidManifest.xml:20:5-44
MERGED from [:androidx.work.work-runtime-2.7.0:] AndroidManifest.xml:18:3-72
MERGED from [:androidx.work.work-runtime-2.7.0:] AndroidManifest.xml:18:3-72
MERGED from [:com.google.android.gms.play-services-ads-21.0.0:] AndroidManifest.xml:21:5-23:52
MERGED from [:com.google.android.gms.play-services-ads-21.0.0:] AndroidManifest.xml:21:5-23:52
MERGED from [:com.google.android.gms.play-services-ads-base-21.0.0:] AndroidManifest.xml:5:5-44
MERGED from [:com.google.android.gms.play-services-ads-base-21.0.0:] AndroidManifest.xml:5:5-44
MERGED from [:com.google.android.gms.play-services-ads-identifier-18.0.0:] AndroidManifest.xml:20:5-44
MERGED from [:com.google.android.gms.play-services-ads-identifier-18.0.0:] AndroidManifest.xml:20:5-44
MERGED from [:com.google.android.gms.play-services-ads-lite-21.0.0:] AndroidManifest.xml:18:3-42
MERGED from [:com.google.android.gms.play-services-ads-lite-21.0.0:] AndroidManifest.xml:18:3-42
MERGED from [:com.google.android.gms.play-services-appset-16.0.1:] AndroidManifest.xml:5:5-44
MERGED from [:com.google.android.gms.play-services-appset-16.0.1:] AndroidManifest.xml:5:5-44
MERGED from [:com.google.android.gms.play-services-base-18.0.1:] AndroidManifest.xml:18:5-43
MERGED from [:com.google.android.gms.play-services-base-18.0.1:] AndroidManifest.xml:18:5-43
MERGED from [:com.google.android.gms.play-services-basement-18.0.0:] AndroidManifest.xml:18:5-43
MERGED from [:com.google.android.gms.play-services-basement-18.0.0:] AndroidManifest.xml:18:5-43
MERGED from [:com.google.android.gms.play-services-drive-17.0.0:] AndroidManifest.xml:20:5-44
MERGED from [:com.google.android.gms.play-services-drive-17.0.0:] AndroidManifest.xml:20:5-44
MERGED from [:com.google.android.gms.play-services-games-v2-17.0.0:] AndroidManifest.xml:3:3-42
MERGED from [:com.google.android.gms.play-services-games-v2-17.0.0:] AndroidManifest.xml:3:3-42
MERGED from [:com.google.android.gms.play-services-measurement-base-20.1.2:] AndroidManifest.xml:5:5-44
MERGED from [:com.google.android.gms.play-services-measurement-base-20.1.2:] AndroidManifest.xml:5:5-44
MERGED from [:com.google.android.gms.play-services-measurement-sdk-api-20.1.2:] AndroidManifest.xml:20:5-44
MERGED from [:com.google.android.gms.play-services-measurement-sdk-api-20.1.2:] AndroidManifest.xml:20:5-44
MERGED from [:com.google.android.gms.play-services-nearby-18.0.2:] AndroidManifest.xml:5:5-44
MERGED from [:com.google.android.gms.play-services-nearby-18.0.2:] AndroidManifest.xml:5:5-44
MERGED from [:com.google.android.gms.play-services-tasks-18.0.1:] AndroidManifest.xml:4:5-43
MERGED from [:com.google.android.gms.play-services-tasks-18.0.1:] AndroidManifest.xml:4:5-43
MERGED from [:com.google.android.ump.user-messaging-platform-2.0.0:] AndroidManifest.xml:5:5-44
MERGED from [:com.google.android.ump.user-messaging-platform-2.0.0:] AndroidManifest.xml:5:5-44
MERGED from [:com.google.games.gpgs-plugin-support-0.11.01:] AndroidManifest.xml:7:5-44
MERGED from [:com.google.games.gpgs-plugin-support-0.11.01:] AndroidManifest.xml:7:5-44
MERGED from [:googlemobileads-unity:] AndroidManifest.xml:10:5-44
MERGED from [:googlemobileads-unity:] AndroidManifest.xml:10:5-44
MERGED from [:native_plugin-debug:] AndroidManifest.xml:5:5-7:41
MERGED from [:native_plugin-debug:] AndroidManifest.xml:5:5-7:41
MERGED from [:unityLibrary:GoogleMobileAdsPlugin.androidlib] AndroidManifest.xml:7:5-47
MERGED from [:unityLibrary:GoogleMobileAdsPlugin.androidlib] AndroidManifest.xml:7:5-47
MERGED from [:unityLibrary:GooglePlayGamesManifest.androidlib] AndroidManifest.xml:11:5-47
MERGED from [:unityLibrary:GooglePlayGamesManifest.androidlib] AndroidManifest.xml:11:5-47
INJECTED from src\main\AndroidManifest.xml
INJECTED from src\main\AndroidManifest.xml
	tools:overrideLibrary
		ADDED from [:com.google.android.gms.play-services-ads-21.0.0:] AndroidManifest.xml:23:9-49
	android:targetSdkVersion
		INJECTED from src\main\AndroidManifest.xml
		ADDED from src\main\AndroidManifest.xml
		INJECTED from src\main\AndroidManifest.xml
	android:minSdkVersion
		INJECTED from src\main\AndroidManifest.xml
		ADDED from src\main\AndroidManifest.xml
		MERGED from src\main\AndroidManifest.xml
		MERGED from src\main\AndroidManifest.xml
		INJECTED from src\main\AndroidManifest.xml
uses-feature#0x00020000
ADDED from [:unityLibrary] AndroidManifest.xml:13:5-54
	android:glEsVersion
		ADDED from [:unityLibrary] AndroidManifest.xml:13:19-51
supports-gl-texture#GL_KHR_texture_compression_astc_ldr
ADDED from [:unityLibrary] AndroidManifest.xml:15:5-79
	android:name
		ADDED from [:unityLibrary] AndroidManifest.xml:15:26-76
uses-permission#android.permission.INTERNET
ADDED from [:unityLibrary] AndroidManifest.xml:17:5-67
MERGED from [:com.google.android.gms.play-services-ads-lite-21.0.0:] AndroidManifest.xml:20:3-65
MERGED from [:com.google.android.gms.play-services-ads-lite-21.0.0:] AndroidManifest.xml:20:3-65
MERGED from [:com.google.android.gms.play-services-measurement-sdk-api-20.1.2:] AndroidManifest.xml:23:5-67
MERGED from [:com.google.android.gms.play-services-measurement-sdk-api-20.1.2:] AndroidManifest.xml:23:5-67
MERGED from [:googlemobileads-unity:] AndroidManifest.xml:12:5-67
MERGED from [:googlemobileads-unity:] AndroidManifest.xml:12:5-67
	android:name
		ADDED from [:unityLibrary] AndroidManifest.xml:17:22-64
uses-feature#android.hardware.touchscreen
ADDED from [:unityLibrary] AndroidManifest.xml:19:5-21:36
	android:required
		ADDED from [:unityLibrary] AndroidManifest.xml:21:9-33
	android:name
		ADDED from [:unityLibrary] AndroidManifest.xml:20:9-52
uses-feature#android.hardware.touchscreen.multitouch
ADDED from [:unityLibrary] AndroidManifest.xml:22:5-24:36
	android:required
		ADDED from [:unityLibrary] AndroidManifest.xml:24:9-33
	android:name
		ADDED from [:unityLibrary] AndroidManifest.xml:23:9-63
uses-feature#android.hardware.touchscreen.multitouch.distinct
ADDED from [:unityLibrary] AndroidManifest.xml:25:5-27:36
	android:required
		ADDED from [:unityLibrary] AndroidManifest.xml:27:9-33
	android:name
		ADDED from [:unityLibrary] AndroidManifest.xml:26:9-72
activity#com.unity3d.player.UnityPlayerActivity
ADDED from [:unityLibrary] AndroidManifest.xml:30:9-48:20
	android:screenOrientation
		ADDED from [:unityLibrary] AndroidManifest.xml:36:13-56
	android:launchMode
		ADDED from [:unityLibrary] AndroidManifest.xml:35:13-44
	android:hardwareAccelerated
		ADDED from [:unityLibrary] AndroidManifest.xml:34:13-48
	android:exported
		ADDED from [:unityLibrary] AndroidManifest.xml:33:13-36
	android:configChanges
		ADDED from [:unityLibrary] AndroidManifest.xml:32:13-194
	android:theme
		ADDED from [:unityLibrary] AndroidManifest.xml:37:13-54
	android:name
		ADDED from [:unityLibrary] AndroidManifest.xml:31:13-66
intent-filter#action:name:android.intent.action.MAIN+category:name:android.intent.category.LAUNCHER+category:name:android.intent.category.LEANBACK_LAUNCHER
ADDED from [:unityLibrary] AndroidManifest.xml:38:13-43:29
action#android.intent.action.MAIN
ADDED from [:unityLibrary] AndroidManifest.xml:39:17-69
	android:name
		ADDED from [:unityLibrary] AndroidManifest.xml:39:25-66
category#android.intent.category.LAUNCHER
ADDED from [:unityLibrary] AndroidManifest.xml:41:17-77
	android:name
		ADDED from [:unityLibrary] AndroidManifest.xml:41:27-74
category#android.intent.category.LEANBACK_LAUNCHER
ADDED from [:unityLibrary] AndroidManifest.xml:42:17-86
	android:name
		ADDED from [:unityLibrary] AndroidManifest.xml:42:27-83
meta-data#unityplayer.UnityActivity
ADDED from [:unityLibrary] AndroidManifest.xml:45:13-47:40
	android:value
		ADDED from [:unityLibrary] AndroidManifest.xml:47:17-37
	android:name
		ADDED from [:unityLibrary] AndroidManifest.xml:46:17-57
meta-data#unity.splash-mode
ADDED from [:unityLibrary] AndroidManifest.xml:50:9-52:33
	android:value
		ADDED from [:unityLibrary] AndroidManifest.xml:52:13-30
	android:name
		ADDED from [:unityLibrary] AndroidManifest.xml:51:13-45
meta-data#unity.splash-enable
ADDED from [:unityLibrary] AndroidManifest.xml:53:9-55:36
	android:value
		ADDED from [:unityLibrary] AndroidManifest.xml:55:13-33
	android:name
		ADDED from [:unityLibrary] AndroidManifest.xml:54:13-47
meta-data#unity.build-id
ADDED from [:unityLibrary] AndroidManifest.xml:56:9-58:68
	android:value
		ADDED from [:unityLibrary] AndroidManifest.xml:58:13-65
	android:name
		ADDED from [:unityLibrary] AndroidManifest.xml:57:13-42
provider#androidx.startup.InitializationProvider
ADDED from [:androidx.lifecycle.lifecycle-process-2.4.1:] AndroidManifest.xml:20:5-22:16
MERGED from [:androidx.startup.startup-runtime-1.1.1:] AndroidManifest.xml:20:5-178
MERGED from [:androidx.startup.startup-runtime-1.1.1:] AndroidManifest.xml:20:5-178
MERGED from [:androidx.work.work-runtime-2.7.0:] AndroidManifest.xml:24:5-26:16
MERGED from [:androidx.work.work-runtime-2.7.0:] AndroidManifest.xml:24:5-26:16
	tools:node
		ADDED from [:androidx.lifecycle.lifecycle-process-2.4.1:] AndroidManifest.xml:20:157-175
	android:authorities
		ADDED from [:androidx.lifecycle.lifecycle-process-2.4.1:] AndroidManifest.xml:20:70-131
	android:exported
		ADDED from [:androidx.lifecycle.lifecycle-process-2.4.1:] AndroidManifest.xml:20:132-156
	android:name
		ADDED from [:androidx.lifecycle.lifecycle-process-2.4.1:] AndroidManifest.xml:20:15-69
meta-data#androidx.lifecycle.ProcessLifecycleInitializer
ADDED from [:androidx.lifecycle.lifecycle-process-2.4.1:] AndroidManifest.xml:21:7-115
	android:value
		ADDED from [:androidx.lifecycle.lifecycle-process-2.4.1:] AndroidManifest.xml:21:80-112
	android:name
		ADDED from [:androidx.lifecycle.lifecycle-process-2.4.1:] AndroidManifest.xml:21:18-79
service#androidx.room.MultiInstanceInvalidationService
ADDED from [:androidx.room.room-runtime-2.2.5:] AndroidManifest.xml:25:9-28:40
	android:exported
		ADDED from [:androidx.room.room-runtime-2.2.5:] AndroidManifest.xml:28:13-37
	android:directBootAware
		ADDED from [:androidx.room.room-runtime-2.2.5:] AndroidManifest.xml:27:13-43
	android:name
		ADDED from [:androidx.room.room-runtime-2.2.5:] AndroidManifest.xml:26:13-74
uses-permission#android.permission.WAKE_LOCK
ADDED from [:androidx.work.work-runtime-2.7.0:] AndroidManifest.xml:19:3-66
MERGED from [:com.google.android.gms.play-services-measurement-sdk-api-20.1.2:] AndroidManifest.xml:25:5-68
MERGED from [:com.google.android.gms.play-services-measurement-sdk-api-20.1.2:] AndroidManifest.xml:25:5-68
	android:name
		ADDED from [:androidx.work.work-runtime-2.7.0:] AndroidManifest.xml:19:20-63
uses-permission#android.permission.ACCESS_NETWORK_STATE
ADDED from [:androidx.work.work-runtime-2.7.0:] AndroidManifest.xml:20:3-77
MERGED from [:com.google.android.gms.play-services-ads-lite-21.0.0:] AndroidManifest.xml:21:3-77
MERGED from [:com.google.android.gms.play-services-ads-lite-21.0.0:] AndroidManifest.xml:21:3-77
MERGED from [:com.google.android.gms.play-services-measurement-sdk-api-20.1.2:] AndroidManifest.xml:24:5-79
MERGED from [:com.google.android.gms.play-services-measurement-sdk-api-20.1.2:] AndroidManifest.xml:24:5-79
MERGED from [:com.google.android.gms.play-services-nearby-18.0.2:] AndroidManifest.xml:7:5-79
MERGED from [:com.google.android.gms.play-services-nearby-18.0.2:] AndroidManifest.xml:7:5-79
	android:name
		ADDED from [:androidx.work.work-runtime-2.7.0:] AndroidManifest.xml:20:20-74
uses-permission#android.permission.RECEIVE_BOOT_COMPLETED
ADDED from [:androidx.work.work-runtime-2.7.0:] AndroidManifest.xml:21:3-79
	android:name
		ADDED from [:androidx.work.work-runtime-2.7.0:] AndroidManifest.xml:21:20-76
uses-permission#android.permission.FOREGROUND_SERVICE
ADDED from [:androidx.work.work-runtime-2.7.0:] AndroidManifest.xml:22:3-75
	android:name
		ADDED from [:androidx.work.work-runtime-2.7.0:] AndroidManifest.xml:22:20-72
meta-data#androidx.work.WorkManagerInitializer
ADDED from [:androidx.work.work-runtime-2.7.0:] AndroidManifest.xml:25:7-105
	android:value
		ADDED from [:androidx.work.work-runtime-2.7.0:] AndroidManifest.xml:25:70-102
	android:name
		ADDED from [:androidx.work.work-runtime-2.7.0:] AndroidManifest.xml:25:18-69
service#androidx.work.impl.background.systemalarm.SystemAlarmService
ADDED from [:androidx.work.work-runtime-2.7.0:] AndroidManifest.xml:27:5-229
	android:enabled
		ADDED from [:androidx.work.work-runtime-2.7.0:] AndroidManifest.xml:27:122-181
	android:exported
		ADDED from [:androidx.work.work-runtime-2.7.0:] AndroidManifest.xml:27:182-206
	tools:targetApi
		ADDED from [:androidx.work.work-runtime-2.7.0:] AndroidManifest.xml:27:207-226
	android:directBootAware
		ADDED from [:androidx.work.work-runtime-2.7.0:] AndroidManifest.xml:27:90-121
	android:name
		ADDED from [:androidx.work.work-runtime-2.7.0:] AndroidManifest.xml:27:14-89
service#androidx.work.impl.background.systemjob.SystemJobService
ADDED from [:androidx.work.work-runtime-2.7.0:] AndroidManifest.xml:28:5-279
	android:enabled
		ADDED from [:androidx.work.work-runtime-2.7.0:] AndroidManifest.xml:28:118-175
	android:exported
		ADDED from [:androidx.work.work-runtime-2.7.0:] AndroidManifest.xml:28:176-199
	android:permission
		ADDED from [:androidx.work.work-runtime-2.7.0:] AndroidManifest.xml:28:200-256
	tools:targetApi
		ADDED from [:androidx.work.work-runtime-2.7.0:] AndroidManifest.xml:28:257-276
	android:directBootAware
		ADDED from [:androidx.work.work-runtime-2.7.0:] AndroidManifest.xml:28:86-117
	android:name
		ADDED from [:androidx.work.work-runtime-2.7.0:] AndroidManifest.xml:28:14-85
service#androidx.work.impl.foreground.SystemForegroundService
ADDED from [:androidx.work.work-runtime-2.7.0:] AndroidManifest.xml:29:5-227
	android:enabled